2016-08-08 13:24:27,251 DEBUG Entered Micro Services Layer
2016-08-08 13:24:27,252 DEBUG Request for account : AC106 , sortcode :02020, accountHolderName : El ,verificationType : IN,EX
2016-08-08 13:24:27,252 INFO  config.DBhost =127.0.0.1 config.DBkeyspace= pdi
2016-08-08 13:24:27,252 INFO  Call to Cassandra
2016-08-08 13:24:27,315 INFO  Call returned From Cassandra
2016-08-08 13:24:27,315 ERROR No Data Found
2016-08-08 13:24:28,852 DEBUG Entered Micro Services Layer
2016-08-08 13:24:28,852 DEBUG Request for account : AC106 , sortcode :02020, accountHolderName : El ,verificationType : IN,EX
2016-08-08 13:24:28,853 INFO  config.DBhost =127.0.0.1 config.DBkeyspace= pdi
2016-08-08 13:24:28,853 INFO  Call to Cassandra
2016-08-08 13:24:28,915 INFO  Call returned From Cassandra
2016-08-08 13:24:28,915 ERROR No Data Found
2016-08-08 13:24:29,822 DEBUG Entered Micro Services Layer
2016-08-08 13:24:29,823 DEBUG Request for account : AC106 , sortcode :02020, accountHolderName : El ,verificationType : IN,EX
2016-08-08 13:24:29,823 INFO  config.DBhost =127.0.0.1 config.DBkeyspace= pdi
2016-08-08 13:24:29,823 INFO  Call to Cassandra
2016-08-08 13:24:29,880 INFO  Call returned From Cassandra
2016-08-08 13:24:29,880 ERROR No Data Found
2016-08-08 13:24:30,193 DEBUG Entered Micro Services Layer
2016-08-08 13:24:30,194 DEBUG Request for account : AC106 , sortcode :02020, accountHolderName : El ,verificationType : IN,EX
2016-08-08 13:24:30,194 INFO  config.DBhost =127.0.0.1 config.DBkeyspace= pdi
2016-08-08 13:24:30,194 INFO  Call to Cassandra
2016-08-08 13:24:30,235 INFO  Call returned From Cassandra
2016-08-08 13:24:30,235 ERROR No Data Found
2016-08-08 13:24:30,503 DEBUG Entered Micro Services Layer
2016-08-08 13:24:30,503 DEBUG Request for account : AC106 , sortcode :02020, accountHolderName : El ,verificationType : IN,EX
2016-08-08 13:24:30,504 INFO  config.DBhost =127.0.0.1 config.DBkeyspace= pdi
2016-08-08 13:24:30,504 INFO  Call to Cassandra
2016-08-08 13:24:30,552 INFO  Call returned From Cassandra
2016-08-08 13:24:30,552 ERROR No Data Found
2016-08-08 13:24:30,859 DEBUG Entered Micro Services Layer
2016-08-08 13:24:30,860 DEBUG Request for account : AC106 , sortcode :02020, accountHolderName : El ,verificationType : IN,EX
2016-08-08 13:24:30,860 INFO  config.DBhost =127.0.0.1 config.DBkeyspace= pdi
2016-08-08 13:24:30,860 INFO  Call to Cassandra
2016-08-08 13:24:30,918 INFO  Call returned From Cassandra
2016-08-08 13:24:30,918 ERROR No Data Found
2016-08-08 13:24:31,304 DEBUG Entered Micro Services Layer
2016-08-08 13:24:31,304 DEBUG Request for account : AC106 , sortcode :02020, accountHolderName : El ,verificationType : IN,EX
2016-08-08 13:24:31,304 INFO  config.DBhost =127.0.0.1 config.DBkeyspace= pdi
2016-08-08 13:24:31,305 INFO  Call to Cassandra
2016-08-08 13:24:31,361 INFO  Call returned From Cassandra
2016-08-08 13:24:31,361 ERROR No Data Found
2016-08-08 13:24:32,068 DEBUG Entered Micro Services Layer
2016-08-08 13:24:32,068 DEBUG Request for account : AC106 , sortcode :02020, accountHolderName : El ,verificationType : IN,EX
2016-08-08 13:24:32,068 INFO  config.DBhost =127.0.0.1 config.DBkeyspace= pdi
2016-08-08 13:24:32,069 INFO  Call to Cassandra
2016-08-08 13:24:32,130 INFO  Call returned From Cassandra
2016-08-08 13:24:32,130 ERROR No Data Found
2016-08-08 13:24:32,374 DEBUG Entered Micro Services Layer
2016-08-08 13:24:32,375 DEBUG Request for account : AC106 , sortcode :02020, accountHolderName : El ,verificationType : IN,EX
2016-08-08 13:24:32,375 INFO  config.DBhost =127.0.0.1 config.DBkeyspace= pdi
2016-08-08 13:24:32,375 INFO  Call to Cassandra
2016-08-08 13:24:32,422 INFO  Call returned From Cassandra
2016-08-08 13:24:32,422 ERROR No Data Found
2016-08-08 13:24:32,698 DEBUG Entered Micro Services Layer
2016-08-08 13:24:32,698 DEBUG Request for account : AC106 , sortcode :02020, accountHolderName : El ,verificationType : IN,EX
2016-08-08 13:24:32,698 INFO  config.DBhost =127.0.0.1 config.DBkeyspace= pdi
2016-08-08 13:24:32,698 INFO  Call to Cassandra
2016-08-08 13:24:32,743 INFO  Call returned From Cassandra
2016-08-08 13:24:32,743 ERROR No Data Found
2016-08-08 13:24:33,019 DEBUG Entered Micro Services Layer
2016-08-08 13:24:33,019 DEBUG Request for account : AC106 , sortcode :02020, accountHolderName : El ,verificationType : IN,EX
2016-08-08 13:24:33,019 INFO  config.DBhost =127.0.0.1 config.DBkeyspace= pdi
2016-08-08 13:24:33,019 INFO  Call to Cassandra
2016-08-08 13:24:33,069 INFO  Call returned From Cassandra
2016-08-08 13:24:33,069 ERROR No Data Found
2016-08-08 13:24:33,339 DEBUG Entered Micro Services Layer
2016-08-08 13:24:33,340 DEBUG Request for account : AC106 , sortcode :02020, accountHolderName : El ,verificationType : IN,EX
2016-08-08 13:24:33,340 INFO  config.DBhost =127.0.0.1 config.DBkeyspace= pdi
2016-08-08 13:24:33,340 INFO  Call to Cassandra
2016-08-08 13:24:33,386 INFO  Call returned From Cassandra
2016-08-08 13:24:33,387 ERROR No Data Found
2016-08-08 13:24:33,670 DEBUG Entered Micro Services Layer
2016-08-08 13:24:33,670 DEBUG Request for account : AC106 , sortcode :02020, accountHolderName : El ,verificationType : IN,EX
2016-08-08 13:24:33,672 INFO  config.DBhost =127.0.0.1 config.DBkeyspace= pdi
2016-08-08 13:24:33,672 INFO  Call to Cassandra
2016-08-08 13:24:33,718 INFO  Call returned From Cassandra
2016-08-08 13:24:33,718 ERROR No Data Found
2016-08-08 13:24:33,983 DEBUG Entered Micro Services Layer
2016-08-08 13:24:33,983 DEBUG Request for account : AC106 , sortcode :02020, accountHolderName : El ,verificationType : IN,EX
2016-08-08 13:24:33,983 INFO  config.DBhost =127.0.0.1 config.DBkeyspace= pdi
2016-08-08 13:24:33,983 INFO  Call to Cassandra
2016-08-08 13:24:34,029 INFO  Call returned From Cassandra
2016-08-08 13:24:34,029 ERROR No Data Found
2016-08-08 13:24:34,303 DEBUG Entered Micro Services Layer
2016-08-08 13:24:34,303 DEBUG Request for account : AC106 , sortcode :02020, accountHolderName : El ,verificationType : IN,EX
2016-08-08 13:24:34,303 INFO  config.DBhost =127.0.0.1 config.DBkeyspace= pdi
2016-08-08 13:24:34,304 INFO  Call to Cassandra
2016-08-08 13:24:34,346 INFO  Call returned From Cassandra
2016-08-08 13:24:34,346 ERROR No Data Found
